  [1m[35m (0.1ms)[0m  [1m[35mDROP TABLE IF EXISTS "hyperloop_connections"[0m
  [1m[35m (0.1ms)[0m  [1m[34mSELECT sqlite_version(*)[0m
  [1m[35m (114.4ms)[0m  [1m[35mCREATE TABLE "hyperloop_connections" ("id" INTEGER PRIMARY KEY AUTOINCREMENT NOT NULL, "channel" varchar, "session" varchar, "created_at" datetime, "expires_at" datetime, "refresh_at" datetime)[0m
  [1m[35m (0.2ms)[0m  [1m[35mDROP TABLE IF EXISTS "hyperloop_queued_messages"[0m
  [1m[35m (106.6ms)[0m  [1m[35mCREATE TABLE "hyperloop_queued_messages" ("id" INTEGER PRIMARY KEY AUTOINCREMENT NOT NULL, "data" text, "connection_id" integer)[0m
  [1m[35m (72.8ms)[0m  [1m[35mDROP TABLE IF EXISTS "hyperloop_connections"[0m
  [1m[35m (0.5ms)[0m  [1m[34mSELECT sqlite_version(*)[0m
  [1m[35m (89.4ms)[0m  [1m[35mCREATE TABLE "hyperloop_connections" ("id" INTEGER PRIMARY KEY AUTOINCREMENT NOT NULL, "channel" varchar, "session" varchar, "created_at" datetime, "expires_at" datetime, "refresh_at" datetime)[0m
  [1m[35m (59.8ms)[0m  [1m[35mDROP TABLE IF EXISTS "hyperloop_queued_messages"[0m
  [1m[35m (62.3ms)[0m  [1m[35mCREATE TABLE "hyperloop_queued_messages" ("id" INTEGER PRIMARY KEY AUTOINCREMENT NOT NULL, "data" text, "connection_id" integer)[0m
Started GET "/" for 127.0.0.1 at 2017-06-05 20:08:40 -0700
Processing by HomeController#topPane as HTML
  Rendering inline template within layouts/application
  [1m[36mHyperloop::Connection Load (0.9ms)[0m  [1m[34mSELECT  "hyperloop_connections".* FROM "hyperloop_connections" WHERE "hyperloop_connections"."channel" = ? AND "hyperloop_connections"."session" = ? LIMIT ?[0m  [["channel", "Hyperloop::Application"], ["session", "e707fe5d-c214-403b-a049-67f149bbf46d-3e9f6bdfa4ff2ad546cf87841b609054"], ["LIMIT", 1]]
  [1m[35m (0.1ms)[0m  [1m[36mbegin transaction[0m
  [1m[35mSQL (1.9ms)[0m  [1m[32mINSERT INTO "hyperloop_connections" ("channel", "session", "created_at", "expires_at") VALUES (?, ?, ?, ?)[0m  [["channel", "Hyperloop::Application"], ["session", "e707fe5d-c214-403b-a049-67f149bbf46d-3e9f6bdfa4ff2ad546cf87841b609054"], ["created_at", "2017-06-06 03:08:42.994266"], ["expires_at", "2017-06-06 03:08:52.994615"]]
  [1m[35m (75.1ms)[0m  [1m[36mcommit transaction[0m
  Rendered inline template within layouts/application (2054.1ms)
Completed 200 OK in 3281ms (Views: 3195.7ms | ActiveRecord: 79.2ms)


  [1m[35m (83.3ms)[0m  [1m[35mDROP TABLE IF EXISTS "hyperloop_connections"[0m
  [1m[35m (0.2ms)[0m  [1m[34mSELECT sqlite_version(*)[0m
  [1m[35m (97.5ms)[0m  [1m[35mCREATE TABLE "hyperloop_connections" ("id" INTEGER PRIMARY KEY AUTOINCREMENT NOT NULL, "channel" varchar, "session" varchar, "created_at" datetime, "expires_at" datetime, "refresh_at" datetime)[0m
  [1m[35m (56.5ms)[0m  [1m[35mDROP TABLE IF EXISTS "hyperloop_queued_messages"[0m
  [1m[35m (87.4ms)[0m  [1m[35mCREATE TABLE "hyperloop_queued_messages" ("id" INTEGER PRIMARY KEY AUTOINCREMENT NOT NULL, "data" text, "connection_id" integer)[0m
Started GET "/" for 127.0.0.1 at 2017-06-05 20:09:51 -0700
Processing by HomeController#topPane as HTML
  Rendering inline template within layouts/application
  [1m[36mHyperloop::Connection Load (0.5ms)[0m  [1m[34mSELECT  "hyperloop_connections".* FROM "hyperloop_connections" WHERE "hyperloop_connections"."channel" = ? AND "hyperloop_connections"."session" = ? LIMIT ?[0m  [["channel", "Hyperloop::Application"], ["session", "fda0b7a0-2b93-408f-b35a-6344986e0db0-3e9f6bdfa4ff2ad546cf87841b609054"], ["LIMIT", 1]]
  [1m[35m (0.1ms)[0m  [1m[36mbegin transaction[0m
  [1m[35mSQL (0.9ms)[0m  [1m[32mINSERT INTO "hyperloop_connections" ("channel", "session", "created_at", "expires_at") VALUES (?, ?, ?, ?)[0m  [["channel", "Hyperloop::Application"], ["session", "fda0b7a0-2b93-408f-b35a-6344986e0db0-3e9f6bdfa4ff2ad546cf87841b609054"], ["created_at", "2017-06-06 03:09:51.979101"], ["expires_at", "2017-06-06 03:10:01.979391"]]
  [1m[35m (69.1ms)[0m  [1m[36mcommit transaction[0m
  Rendered inline template within layouts/application (1041.8ms)
Completed 200 OK in 1625ms (Views: 1546.7ms | ActiveRecord: 71.5ms)


Started GET "/" for 127.0.0.1 at 2017-06-05 20:10:31 -0700
Processing by HomeController#topPane as HTML
  Rendering inline template within layouts/application
  [1m[36mHyperloop::Connection Load (0.6ms)[0m  [1m[34mSELECT  "hyperloop_connections".* FROM "hyperloop_connections" WHERE "hyperloop_connections"."channel" = ? AND "hyperloop_connections"."session" = ? LIMIT ?[0m  [["channel", "Hyperloop::Application"], ["session", "0d7c7eb8-7498-4e95-b7f4-cfb4b43738d4-3e9f6bdfa4ff2ad546cf87841b609054"], ["LIMIT", 1]]
  [1m[35m (0.2ms)[0m  [1m[36mbegin transaction[0m
  [1m[35mSQL (0.7ms)[0m  [1m[32mINSERT INTO "hyperloop_connections" ("channel", "session", "created_at", "expires_at") VALUES (?, ?, ?, ?)[0m  [["channel", "Hyperloop::Application"], ["session", "0d7c7eb8-7498-4e95-b7f4-cfb4b43738d4-3e9f6bdfa4ff2ad546cf87841b609054"], ["created_at", "2017-06-06 03:10:31.496536"], ["expires_at", "2017-06-06 03:10:41.496848"]]
  [1m[35m (114.9ms)[0m  [1m[36mcommit transaction[0m
  Rendered inline template within layouts/application (253.1ms)
Completed 200 OK in 382ms (Views: 264.9ms | ActiveRecord: 116.5ms)


Started GET "/" for 127.0.0.1 at 2017-06-05 21:16:23 -0700
Processing by HomeController#topPane as HTML
  Rendering inline template within layouts/application
  [1m[36mHyperloop::Connection Load (0.8ms)[0m  [1m[34mSELECT  "hyperloop_connections".* FROM "hyperloop_connections" WHERE "hyperloop_connections"."channel" = ? AND "hyperloop_connections"."session" = ? LIMIT ?[0m  [["channel", "Hyperloop::Application"], ["session", "ac39d600-b745-4db2-8c5d-866530bbe1c4-3e9f6bdfa4ff2ad546cf87841b609054"], ["LIMIT", 1]]
  [1m[35m (0.2ms)[0m  [1m[36mbegin transaction[0m
  [1m[35mSQL (1.0ms)[0m  [1m[32mINSERT INTO "hyperloop_connections" ("channel", "session", "created_at", "expires_at") VALUES (?, ?, ?, ?)[0m  [["channel", "Hyperloop::Application"], ["session", "ac39d600-b745-4db2-8c5d-866530bbe1c4-3e9f6bdfa4ff2ad546cf87841b609054"], ["created_at", "2017-06-06 04:16:23.897741"], ["expires_at", "2017-06-06 04:16:33.897982"]]
  [1m[35m (118.5ms)[0m  [1m[36mcommit transaction[0m
  Rendered inline template within layouts/application (270.9ms)
Completed 200 OK in 408ms (Views: 286.9ms | ActiveRecord: 120.5ms)


Started GET "/" for 127.0.0.1 at 2017-06-05 21:37:27 -0700
Processing by HomeController#topPane as HTML
  Rendering inline template within layouts/application
  [1m[36mHyperloop::Connection Load (0.4ms)[0m  [1m[34mSELECT  "hyperloop_connections".* FROM "hyperloop_connections" WHERE "hyperloop_connections"."channel" = ? AND "hyperloop_connections"."session" = ? LIMIT ?[0m  [["channel", "Hyperloop::Application"], ["session", "e716c5d4-8da1-4020-86ea-1b40a7b663ef-3e9f6bdfa4ff2ad546cf87841b609054"], ["LIMIT", 1]]
  [1m[35m (0.1ms)[0m  [1m[36mbegin transaction[0m
  [1m[35mSQL (1.2ms)[0m  [1m[32mINSERT INTO "hyperloop_connections" ("channel", "session", "created_at", "expires_at") VALUES (?, ?, ?, ?)[0m  [["channel", "Hyperloop::Application"], ["session", "e716c5d4-8da1-4020-86ea-1b40a7b663ef-3e9f6bdfa4ff2ad546cf87841b609054"], ["created_at", "2017-06-06 04:37:27.593241"], ["expires_at", "2017-06-06 04:37:37.593474"]]
  [1m[35m (135.1ms)[0m  [1m[36mcommit transaction[0m
  Rendered inline template within layouts/application (263.1ms)
Completed 200 OK in 438ms (Views: 301.1ms | ActiveRecord: 136.8ms)


Started GET "/" for 127.0.0.1 at 2017-06-05 21:50:58 -0700
Processing by HomeController#topPane as HTML
  Rendering inline template within layouts/application
  [1m[36mHyperloop::Connection Load (0.5ms)[0m  [1m[34mSELECT  "hyperloop_connections".* FROM "hyperloop_connections" WHERE "hyperloop_connections"."channel" = ? AND "hyperloop_connections"."session" = ? LIMIT ?[0m  [["channel", "Hyperloop::Application"], ["session", "fabee03b-0e6c-4628-8495-fa2a2a2e73c8-3e9f6bdfa4ff2ad546cf87841b609054"], ["LIMIT", 1]]
  [1m[35m (0.0ms)[0m  [1m[36mbegin transaction[0m
  [1m[35mSQL (0.8ms)[0m  [1m[32mINSERT INTO "hyperloop_connections" ("channel", "session", "created_at", "expires_at") VALUES (?, ?, ?, ?)[0m  [["channel", "Hyperloop::Application"], ["session", "fabee03b-0e6c-4628-8495-fa2a2a2e73c8-3e9f6bdfa4ff2ad546cf87841b609054"], ["created_at", "2017-06-06 04:50:58.588376"], ["expires_at", "2017-06-06 04:51:08.588581"]]
  [1m[35m (89.6ms)[0m  [1m[36mcommit transaction[0m
  Rendered inline template within layouts/application (232.1ms)
Completed 200 OK in 349ms (Views: 257.6ms | ActiveRecord: 91.0ms)


